Compilación iniciada a las 08/03/2018 16:32:30.
     1>Proyecto "C:\Users\Pablo-Por\Documents\Visual Studio 2010\Projects\Frac\Frac\Frac.vcxproj" en el nodo 2 (build destinos).
     1>InitializeBuildStatus:
         Se creará "Debug\Frac.unsuccessfulbuild" porque se especificó "AlwaysCreate".
       ClCompile:
         D:\Visual\VC\bin\CL.exe /c /ZI /nologo /W3 /WX- /Od /Oy- /D _MBCS /Gm /EHsc /RTC1 /MDd /GS /fp:precise /Zc:wchar_t /Zc:forScope /Fo"Debug\\" /Fd"Debug\vc100.pdb" /Gd /TP /analyze- /errorReport:prompt Racional.cpp main.cpp
         Racional.cpp
         Generando código...
         Omitiendo... (no se detectaron cambios relevantes)
         main.cpp
       Link:
         D:\Visual\VC\bin\link.exe /ERRORREPORT:PROMPT /OUT:"C:\Users\Pablo-Por\Documents\Visual Studio 2010\Projects\Frac\Debug\Frac.exe" /NOLOGO kernel32.lib user32.lib gdi32.lib winspool.lib comdlg32.lib advapi32.lib shell32.lib ole32.lib oleaut32.lib uuid.lib odbc32.lib odbccp32.lib /MANIFEST /ManifestFile:"Debug\Frac.exe.intermediate.manifest" /MANIFESTUAC:"level='asInvoker' uiAccess='false'" /DEBUG /PDB:"C:\Users\Pablo-Por\Documents\Visual Studio 2010\Projects\Frac\Debug\Frac.pdb" /TLBID:1 /DYNAMICBASE /NXCOMPAT /IMPLIB:"C:\Users\Pablo-Por\Documents\Visual Studio 2010\Projects\Frac\Debug\Frac.lib" /MACHINE:X86 Debug\main.obj
         Debug\Racional.obj
         LINK : no se encontró C:\Users\Pablo-Por\Documents\Visual Studio 2010\Projects\Frac\Debug\Frac.exe o no lo generó el último vínculo incremental; ejecutando vínculo completo
         Frac.vcxproj -> C:\Users\Pablo-Por\Documents\Visual Studio 2010\Projects\Frac\Debug\Frac.exe
       Manifest:
         C:\Program Files (x86)\Microsoft SDKs\Windows\v7.0A\bin\mt.exe /nologo /verbose /outputresource:"C:\Users\Pablo-Por\Documents\Visual Studio 2010\Projects\Frac\Debug\Frac.exe;#1" /manifest Debug\Frac.exe.intermediate.manifest
       FinalizeBuildStatus:
         Se eliminará el archivo "Debug\Frac.unsuccessfulbuild".
         Aplicando tarea Touch a "Debug\Frac.lastbuildstate".
     1>Compilación del proyecto terminada "C:\Users\Pablo-Por\Documents\Visual Studio 2010\Projects\Frac\Frac\Frac.vcxproj" (build destinos).

Compilación correcta.

Tiempo transcurrido 00:00:02.72
