Compilación iniciada a las 22/02/2018 15:11:10.
     1>Proyecto "c:\Users\pablo-por\documents\visual studio 2010\Projects\Hora\Hora\Hora.vcxproj" en el nodo 2 (build destinos).
     1>PrepareForBuild:
         Creando directorio "c:\users\pablo-por\documents\visual studio 2010\Projects\Hora\Debug\".
       InitializeBuildStatus:
         Se creará "Debug\Hora.unsuccessfulbuild" porque se especificó "AlwaysCreate".
       ClCompile:
         D:\Visual\VC\bin\CL.exe /c /ZI /nologo /W3 /WX- /Od /Oy- /D _MBCS /Gm /EHsc /RTC1 /MDd /GS /fp:precise /Zc:wchar_t /Zc:forScope /Fo"Debug\\" /Fd"Debug\vc100.pdb" /Gd /TP /analyze- /errorReport:prompt Hora.cpp main.cpp
         main.cpp
     1>c:\users\pablo-por\documents\visual studio 2010\projects\hora\hora\hora.h(17): warning C4290: Se ha omitido la especificación de excepciones de C++, excepto para indicar que una función no es __declspec(nothrow)
         Hora.cpp
     1>c:\users\pablo-por\documents\visual studio 2010\projects\hora\hora\hora.h(17): warning C4290: Se ha omitido la especificación de excepciones de C++, excepto para indicar que una función no es __declspec(nothrow)
     1>c:\users\pablo-por\documents\visual studio 2010\projects\hora\hora\hora.cpp(75): warning C4290: Se ha omitido la especificación de excepciones de C++, excepto para indicar que una función no es __declspec(nothrow)
         Generando código...
       Link:
         D:\Visual\VC\bin\link.exe /ERRORREPORT:PROMPT /OUT:"c:\users\pablo-por\documents\visual studio 2010\Projects\Hora\Debug\Hora.exe" /NOLOGO kernel32.lib user32.lib gdi32.lib winspool.lib comdlg32.lib advapi32.lib shell32.lib ole32.lib oleaut32.lib uuid.lib odbc32.lib odbccp32.lib /MANIFEST /ManifestFile:"Debug\Hora.exe.intermediate.manifest" /MANIFESTUAC:"level='asInvoker' uiAccess='false'" /DEBUG /PDB:"c:\users\pablo-por\documents\visual studio 2010\Projects\Hora\Debug\Hora.pdb" /TLBID:1 /DYNAMICBASE /NXCOMPAT /IMPLIB:"c:\users\pablo-por\documents\visual studio 2010\Projects\Hora\Debug\Hora.lib" /MACHINE:X86 Debug\Hora.obj
         Debug\main.obj
         Hora.vcxproj -> c:\users\pablo-por\documents\visual studio 2010\Projects\Hora\Debug\Hora.exe
       Manifest:
         C:\Program Files (x86)\Microsoft SDKs\Windows\v7.0A\bin\mt.exe /nologo /verbose /outputresource:"c:\users\pablo-por\documents\visual studio 2010\Projects\Hora\Debug\Hora.exe;#1" /manifest Debug\Hora.exe.intermediate.manifest
       FinalizeBuildStatus:
         Se eliminará el archivo "Debug\Hora.unsuccessfulbuild".
         Aplicando tarea Touch a "Debug\Hora.lastbuildstate".
     1>Compilación del proyecto terminada "c:\Users\pablo-por\documents\visual studio 2010\Projects\Hora\Hora\Hora.vcxproj" (build destinos).

Compilación correcta.

Tiempo transcurrido 00:00:02.58
