Compilación iniciada a las 28/10/2017 1:51:26.
     1>Proyecto "c:\Users\pablo-por\documents\visual studio 2010\Projects\ALte\ALte\ALte.vcxproj" en el nodo 2 (build destinos).
     1>PrepareForBuild:
         Creando directorio "c:\users\pablo-por\documents\visual studio 2010\Projects\ALte\Debug\".
       InitializeBuildStatus:
         Se creará "Debug\ALte.unsuccessfulbuild" porque se especificó "AlwaysCreate".
       ClCompile:
         D:\Visual\VC\bin\CL.exe /c /ZI /nologo /W3 /WX- /Od /Oy- /D _MBCS /Gm /EHsc /RTC1 /MDd /GS /fp:precise /Zc:wchar_t /Zc:forScope /Fo"Debug\\" /Fd"Debug\vc100.pdb" /Gd /TP /analyze- /errorReport:prompt alte.cpp
         alte.cpp
       Link:
         D:\Visual\VC\bin\link.exe /ERRORREPORT:PROMPT /OUT:"c:\users\pablo-por\documents\visual studio 2010\Projects\ALte\Debug\ALte.exe" /NOLOGO kernel32.lib user32.lib gdi32.lib winspool.lib comdlg32.lib advapi32.lib shell32.lib ole32.lib oleaut32.lib uuid.lib odbc32.lib odbccp32.lib /MANIFEST /ManifestFile:"Debug\ALte.exe.intermediate.manifest" /MANIFESTUAC:"level='asInvoker' uiAccess='false'" /DEBUG /PDB:"c:\users\pablo-por\documents\visual studio 2010\Projects\ALte\Debug\ALte.pdb" /TLBID:1 /DYNAMICBASE /NXCOMPAT /IMPLIB:"c:\users\pablo-por\documents\visual studio 2010\Projects\ALte\Debug\ALte.lib" /MACHINE:X86 Debug\alte.obj
         ALte.vcxproj -> c:\users\pablo-por\documents\visual studio 2010\Projects\ALte\Debug\ALte.exe
       Manifest:
         C:\Program Files (x86)\Microsoft SDKs\Windows\v7.0A\bin\mt.exe /nologo /verbose /outputresource:"c:\users\pablo-por\documents\visual studio 2010\Projects\ALte\Debug\ALte.exe;#1" /manifest Debug\ALte.exe.intermediate.manifest
       FinalizeBuildStatus:
         Se eliminará el archivo "Debug\ALte.unsuccessfulbuild".
         Aplicando tarea Touch a "Debug\ALte.lastbuildstate".
     1>Compilación del proyecto terminada "c:\Users\pablo-por\documents\visual studio 2010\Projects\ALte\ALte\ALte.vcxproj" (build destinos).

Compilación correcta.

Tiempo transcurrido 00:00:03.69
